<?xml version="1.0" encoding="UTF-8"?>
<!-- Generated by org.testng.reporters.JUnitXMLReporter -->
<testsuite ignored="0" hostname="LAPTOP-NVA191LJ" failures="0" tests="6" name="Test" time="182.434" errors="0" timestamp="20 Mar 2024 17:15:37 GMT">
  <testcase classname="SeleniumAutomation.tests.LoginTest" name="defaultUncheckRememberMe" time="0.708"/>
  <testcase classname="SeleniumAutomation.tests.LoginTest" name="loginTest" time="44.265"/>
  <testcase classname="SeleniumAutomation.tests.LoginTest" name="loginTestWithEmailOnly" time="2.038"/>
  <testcase classname="SeleniumAutomation.tests.LoginTest" name="loginTestWithPasswordOnly" time="0.691"/>
  <testcase classname="SeleniumAutomation.tests.CustomersTest" name="addCustomer" time="26.295"/>
  <testcase classname="SeleniumAutomation.tests.CustomersTest" name="emailValidationWhileAddingCustomer" time="84.677"/>
</testsuite> <!-- Test -->
